<?xml version="1.0" encoding="UTF-8"?>
<testsuite xmlns:xsi="http://www.w3.org/2001/XMLSchema-instance" xsi:noNamespaceSchemaLocation="https://maven.apache.org/surefire/maven-surefire-plugin/xsd/surefire-test-report-3.0.xsd" version="3.0" name="Main.Game.Collectible.Potions.PotionCollisionHandlerTest" time="0.007" tests="6" errors="0" skipped="0" failures="0">
  <properties>
[...]
</properties>
  <testcase name="checkCollisions_potionAtPlayerPosition_collides" classname="Main.Game.Collectible.Potions.PotionCollisionHandlerTest" time="0.002">
    <system-out><![CDATA[18:26:41.212 [main] INFO  Main.Game.Character.Player - Player was inicialized
]]></system-out>
  </testcase>
  <testcase name="constructor_initializesCorrectly" classname="Main.Game.Collectible.Potions.PotionCollisionHandlerTest" time="0.001">
    <system-out><![CDATA[18:26:41.213 [main] INFO  Main.Game.Character.Player - Player was inicialized
]]></system-out>
  </testcase>
  <testcase name="checkCollisions_noPotions_doesNothing" classname="Main.Game.Collectible.Potions.PotionCollisionHandlerTest" time="0.001">
    <system-out><![CDATA[18:26:41.215 [main] INFO  Main.Game.Character.Player - Player was inicialized
]]></system-out>
  </testcase>
  <testcase name="checkCollisions_potionCollides_addsToInventoryAndRemoves" classname="Main.Game.Collectible.Potions.PotionCollisionHandlerTest" time="0.001">
    <system-out><![CDATA[18:26:41.216 [main] INFO  Main.Game.Character.Player - Player was inicialized
]]></system-out>
  </testcase>
  <testcase name="checkCollisions_potionDoesNotCollide_staysInList" classname="Main.Game.Collectible.Potions.PotionCollisionHandlerTest" time="0.001">
    <system-out><![CDATA[18:26:41.216 [main] INFO  Main.Game.Character.Player - Player was inicialized
]]></system-out>
  </testcase>
  <testcase name="checkCollisions_multiplePotions_someCollide" classname="Main.Game.Collectible.Potions.PotionCollisionHandlerTest" time="0.001">
    <system-out><![CDATA[18:26:41.217 [main] INFO  Main.Game.Character.Player - Player was inicialized
]]></system-out>
  </testcase>
</testsuite>